  Source.cpp
C:\Users\User\Documents\1. Study\20T2\GAD173\20T2GAD173\BreakoutClone\BreakoutClone\breakoutMain.h(24,9): warning C4244: 'initializing': conversion from 'T' to 'int', possible loss of data
          with
          [
              T=float
          ]
C:\Users\User\Documents\1. Study\20T2\GAD173\20T2GAD173\BreakoutClone\BreakoutClone\Source.cpp(36,35): warning C4244: 'argument': conversion from 'float' to 'unsigned int', possible loss of data
C:\Users\User\Documents\1. Study\20T2\GAD173\20T2GAD173\BreakoutClone\BreakoutClone\Source.cpp(36,22): warning C4244: 'argument': conversion from 'float' to 'unsigned int', possible loss of data
C:\Users\User\Documents\1. Study\20T2\GAD173\20T2GAD173\BreakoutClone\BreakoutClone\Source.cpp(40,12): warning C4244: 'argument': conversion from 'time_t' to 'unsigned int', possible loss of data
C:\Users\User\Documents\1. Study\20T2\GAD173\20T2GAD173\BreakoutClone\BreakoutClone\Source.cpp(48,37): warning C4244: 'argument': conversion from 'int' to 'float', possible loss of data
C:\Users\User\Documents\1. Study\20T2\GAD173\20T2GAD173\BreakoutClone\BreakoutClone\Source.cpp(54,37): warning C4244: 'argument': conversion from 'int' to 'float', possible loss of data
C:\Users\User\Documents\1. Study\20T2\GAD173\20T2GAD173\BreakoutClone\BreakoutClone\Source.cpp(60,37): warning C4244: 'argument': conversion from 'int' to 'float', possible loss of data
C:\Users\User\Documents\1. Study\20T2\GAD173\20T2GAD173\BreakoutClone\BreakoutClone\Source.cpp(91,31): warning C4244: '=': conversion from 'int' to 'T', possible loss of data
          with
          [
              T=float
          ]
C:\Users\User\Documents\1. Study\20T2\GAD173\20T2GAD173\BreakoutClone\BreakoutClone\Source.cpp(120,33): warning C4244: '=': conversion from 'int' to 'T', possible loss of data
          with
          [
              T=float
          ]
C:\Users\User\Documents\1. Study\20T2\GAD173\20T2GAD173\BreakoutClone\BreakoutClone\Source.cpp(144,21): warning C4018: '<': signed/unsigned mismatch
C:\Users\User\Documents\1. Study\20T2\GAD173\20T2GAD173\BreakoutClone\BreakoutClone\Source.cpp(176,21): warning C4018: '<': signed/unsigned mismatch
  BreakoutClone.vcxproj -> C:\Users\User\Documents\1. Study\20T2\GAD173\20T2GAD173\BreakoutClone\Debug\BreakoutClone.exe
